d:\work\serverprojects\登录服务器\登录服务器\release with debug info\登录服务器.pch
d:\work\serverprojects\登录服务器\登录服务器\release with debug info\vc120.pdb
d:\work\serverprojects\登录服务器\登录服务器\release with debug info\vc120.idb
d:\work\serverprojects\登录服务器\登录服务器\release with debug info\stdafx.obj
d:\work\serverprojects\登录服务器\登录服务器\release with debug info\centermodule.obj
d:\work\serverprojects\登录服务器\登录服务器\release with debug info\accountmodulemanage.obj
d:\work\serverprojects\登录服务器\登录服务器\release with debug info\dbcenterbasemodule.obj
d:\work\serverprojects\登录服务器\登录服务器\release with debug info\dbcentermodule.obj
d:\work\serverprojects\登录服务器\登录服务器\release with debug info\dmainapp.obj
d:\work\serverprojects\登录服务器\登录服务器\release with debug info\globals.obj
d:\work\serverprojects\登录服务器\登录服务器\release with debug info\netaccountcheckmodule.obj
d:\work\serverprojects\登录服务器\登录服务器\release with debug info\netdbmodule.obj
d:\work\serverprojects\登录服务器\登录服务器\release with debug info\netgmmodule.obj
d:\work\serverprojects\登录服务器\登录服务器\release with debug info\playermanager.obj
d:\work\serverprojects\登录服务器\登录服务器\release with debug info\servermanager.obj
d:\work\serverprojects\登录服务器\登录服务器\release with debug info\登录服务器.obj
d:\work\serverprojects\登录服务器\登录服务器\release with debug info\gbk_visibletest.obj
d:\work\serverprojects\登录服务器\登录服务器\release with debug info\memcheck.obj
d:\work\serverprojects\登录服务器\登录服务器\release with debug info\smcacheex.obj
d:\work\serverprojects\登录服务器\登录服务器\release with debug info\traceinfo.obj
d:\work\serverprojects\登录服务器\登录服务器\release with debug info\登录服务器.exe
d:\work\serverprojects\登录服务器\登录服务器\release with debug info\loginserver.pdb
d:\work\serverprojects\登录服务器\登录服务器\release with debug info\登录服务器.tlog\cl.command.1.tlog
d:\work\serverprojects\登录服务器\登录服务器\release with debug info\登录服务器.tlog\cl.read.1.tlog
d:\work\serverprojects\登录服务器\登录服务器\release with debug info\登录服务器.tlog\cl.write.1.tlog
d:\work\serverprojects\登录服务器\登录服务器\release with debug info\登录服务器.tlog\link.command.1.tlog
d:\work\serverprojects\登录服务器\登录服务器\release with debug info\登录服务器.tlog\link.read.1.tlog
d:\work\serverprojects\登录服务器\登录服务器\release with debug info\登录服务器.tlog\link.write.1.tlog
