d:\work\serverprojects\dbserverex\dbserver\release with debug info\dbserver.pch
d:\work\serverprojects\dbserverex\dbserver\release with debug info\vc120.pdb
d:\work\serverprojects\dbserverex\dbserver\release with debug info\vc120.idb
d:\work\serverprojects\dbserverex\dbserver\release with debug info\stdafx.obj
d:\work\serverprojects\dbserverex\dbserver\release with debug info\threadwrapper.obj
d:\work\serverprojects\dbserverex\dbserver\release with debug info\path.obj
d:\work\serverprojects\dbserverex\dbserver\release with debug info\traceinfo.obj
d:\work\serverprojects\dbserverex\dbserver\release with debug info\dbserver.obj
d:\work\serverprojects\dbserverex\dbserver\release with debug info\dpl.obj
d:\work\serverprojects\dbserverex\dbserver\release with debug info\mysqldbprocess.obj
d:\work\serverprojects\dbserverex\dbserver\release with debug info\netdbmoduleex.obj
d:\work\serverprojects\dbserverex\dbserver\release with debug info\procedure.obj
d:\work\serverprojects\dbserverex\dbserver\release with debug info\centermodule.obj
d:\work\serverprojects\dbserverex\dbserver\release with debug info\dmainapp.obj
d:\work\serverprojects\dbserverex\dbserver\release with debug info\dbserver.exe
d:\work\serverprojects\dbserverex\dbserver\release with debug info\dbserver.pdb
d:\work\serverprojects\dbserverex\dbserver\release with debug info\dbserver.tlog\cl.command.1.tlog
d:\work\serverprojects\dbserverex\dbserver\release with debug info\dbserver.tlog\cl.read.1.tlog
d:\work\serverprojects\dbserverex\dbserver\release with debug info\dbserver.tlog\cl.write.1.tlog
d:\work\serverprojects\dbserverex\dbserver\release with debug info\dbserver.tlog\link.command.1.tlog
d:\work\serverprojects\dbserverex\dbserver\release with debug info\dbserver.tlog\link.read.1.tlog
d:\work\serverprojects\dbserverex\dbserver\release with debug info\dbserver.tlog\link.write.1.tlog
